2021-12-06 23:58:28,403 INFO o.a.j.u.JMeterUtils: Setting Locale to en_EN
2021-12-06 23:58:28,414 INFO o.a.j.JMeter: Loading user properties from: /opt/homebrew/Cellar/jmeter/5.4.1/libexec/bin/user.properties
2021-12-06 23:58:28,414 INFO o.a.j.JMeter: Loading system properties from: /opt/homebrew/Cellar/jmeter/5.4.1/libexec/bin/system.properties
2021-12-06 23:58:28,417 INFO o.a.j.JMeter: Copyright (c) 1998-2021 The Apache Software Foundation
2021-12-06 23:58:28,417 INFO o.a.j.JMeter: Version 5.4.1
2021-12-06 23:58:28,417 INFO o.a.j.JMeter: java.version=17.0.1
2021-12-06 23:58:28,417 INFO o.a.j.JMeter: java.vm.name=OpenJDK 64-Bit Server VM
2021-12-06 23:58:28,417 INFO o.a.j.JMeter: os.name=Mac OS X
2021-12-06 23:58:28,417 INFO o.a.j.JMeter: os.arch=aarch64
2021-12-06 23:58:28,417 INFO o.a.j.JMeter: os.version=12.0.1
2021-12-06 23:58:28,417 INFO o.a.j.JMeter: file.encoding=UTF-8
2021-12-06 23:58:28,417 INFO o.a.j.JMeter: java.awt.headless=null
2021-12-06 23:58:28,417 INFO o.a.j.JMeter: Max memory     =1073741824
2021-12-06 23:58:28,417 INFO o.a.j.JMeter: Available Processors =8
2021-12-06 23:58:28,422 INFO o.a.j.JMeter: Default Locale=English (EN)
2021-12-06 23:58:28,422 INFO o.a.j.JMeter: JMeter  Locale=English (EN)
2021-12-06 23:58:28,422 INFO o.a.j.JMeter: JMeterHome=/opt/homebrew/Cellar/jmeter/5.4.1/libexec
2021-12-06 23:58:28,422 INFO o.a.j.JMeter: user.dir  =/Users/chun/Develop/reactor-server
2021-12-06 23:58:28,422 INFO o.a.j.JMeter: PWD       =/Users/chun/Develop/reactor-server
2021-12-06 23:58:28,423 INFO o.a.j.JMeter: IP: 127.0.0.1 Name: ChundeMacBook-Pro.local FullName: localhost
2021-12-06 23:58:28,557 INFO o.a.j.JMeter: Setting LAF to: laf:javax.swing.plaf.metal.MetalLookAndFeel
2021-12-06 23:58:28,846 INFO o.a.j.JMeter: Loaded icon properties from org/apache/jmeter/images/icon.properties
2021-12-06 23:58:29,300 INFO o.j.r.JARSourceHTTP: Using proxy 127.0.0.1:7890
2021-12-06 23:58:29,302 INFO o.j.r.JARSourceHTTP: Using proxy 127.0.0.1:7890
2021-12-06 23:58:29,329 INFO o.j.r.JARSourceHTTP: Found cached repo
2021-12-06 23:58:29,414 INFO o.j.r.JARSourceHTTP: Using proxy 127.0.0.1:7890
2021-12-06 23:58:29,415 INFO o.j.r.PluginManager: Plugins Status: [jpgc-plugins-manager=1.6, jmeter-core=5.4.1, jmeter-ftp=5.4.1, jmeter-http=5.4.1, jmeter-jdbc=5.4.1, jmeter-jms=5.4.1, jmeter-junit=5.4.1, jmeter-java=5.4.1, jmeter-ldap=5.4.1, jmeter-mail=5.4.1, jmeter-mongodb=5.4.1, jmeter-native=5.4.1, jmeter-tcp=5.4.1, jmeter-components=5.4.1]
2021-12-06 23:58:34,387 INFO o.a.j.s.FileServer: Default base='/Users/chun/Develop/reactor-server'
2021-12-06 23:58:34,389 INFO o.a.j.g.a.Load: Loading file: /Users/chun/Develop/reactor-server/Java Request.jmx
2021-12-06 23:58:34,390 INFO o.a.j.s.FileServer: Set new base='/Users/chun/Develop/reactor-server'
2021-12-06 23:58:34,460 INFO o.a.j.s.SaveService: Testplan (JMX) version: 2.2. Testlog (JTL) version: 2.2
2021-12-06 23:58:34,464 INFO o.a.j.s.SaveService: Using SaveService properties version 5.0
2021-12-06 23:58:34,464 INFO o.a.j.s.SaveService: Using SaveService properties file encoding UTF-8
2021-12-06 23:58:34,465 INFO o.a.j.s.SaveService: Loading file: /Users/chun/Develop/reactor-server/Java Request.jmx
2021-12-06 23:58:34,558 INFO o.a.j.s.FileServer: Set new base='/Users/chun/Develop/reactor-server'
2021-12-06 23:58:40,277 INFO o.a.j.e.StandardJMeterEngine: Running the test!
2021-12-06 23:58:40,278 INFO o.a.j.s.SampleEvent: List of sample_variables: []
2021-12-06 23:58:40,278 INFO o.a.j.s.SampleEvent: List of sample_variables: []
2021-12-06 23:58:40,279 INFO o.a.j.e.u.CompoundVariable: Note: Function class names must contain the string: '.functions.'
2021-12-06 23:58:40,279 INFO o.a.j.e.u.CompoundVariable: Note: Function class names must not contain the string: '.gui.'
2021-12-06 23:58:40,301 INFO o.a.j.p.j.s.JavaSampler: Created class: reactor.client.BasicClient. Uses tearDownTest: 
2021-12-06 23:58:40,301 INFO o.a.j.g.u.JMeterMenuBar: setRunning(true, *local*)
2021-12-06 23:58:40,332 INFO o.a.j.e.StandardJMeterEngine: Starting ThreadGroup: 1 : Thread Group
2021-12-06 23:58:40,332 INFO o.a.j.e.StandardJMeterEngine: Starting 1 threads for group Thread Group.
2021-12-06 23:58:40,332 INFO o.a.j.e.StandardJMeterEngine: Thread will continue on error
2021-12-06 23:58:40,332 INFO o.a.j.t.ThreadGroup: Starting thread group... number=1 threads=1 ramp-up=1 delayedStart=false
2021-12-06 23:58:40,333 INFO o.a.j.t.ThreadGroup: Started thread group number 1
2021-12-06 23:58:40,334 INFO o.a.j.e.StandardJMeterEngine: All thread groups have been started
2021-12-06 23:58:40,334 INFO o.a.j.t.JMeterThread: Thread started: Thread Group 1-1
2021-12-06 23:58:40,336 INFO o.a.j.s.SampleResult: Note: Sample TimeStamps are START times
2021-12-06 23:58:40,336 INFO o.a.j.s.SampleResult: sampleresult.default.encoding is set to ISO-8859-1
2021-12-06 23:58:40,336 INFO o.a.j.s.SampleResult: sampleresult.useNanoTime=true
2021-12-06 23:58:40,337 INFO o.a.j.s.SampleResult: sampleresult.nanoThreadSleep=5000
2021-12-06 23:58:40,338 INFO o.a.j.t.JMeterThread: Thread is done: Thread Group 1-1
2021-12-06 23:58:40,338 INFO o.a.j.t.JMeterThread: Thread finished: Thread Group 1-1
2021-12-06 23:58:40,338 INFO o.a.j.e.StandardJMeterEngine: Notifying test listeners of end of test
2021-12-06 23:58:40,338 INFO o.a.j.g.u.JMeterMenuBar: setRunning(false, *local*)
2021-12-07 00:00:47,481 INFO o.a.j.e.StandardJMeterEngine: Running the test!
2021-12-07 00:00:47,482 INFO o.a.j.s.SampleEvent: List of sample_variables: []
2021-12-07 00:00:47,483 INFO o.a.j.p.j.s.JavaSampler: Created class: reactor.client.BasicClient. Uses tearDownTest: 
2021-12-07 00:00:47,483 INFO o.a.j.g.u.JMeterMenuBar: setRunning(true, *local*)
2021-12-07 00:00:47,505 INFO o.a.j.e.StandardJMeterEngine: Starting ThreadGroup: 1 : Thread Group
2021-12-07 00:00:47,506 INFO o.a.j.e.StandardJMeterEngine: Starting 1 threads for group Thread Group.
2021-12-07 00:00:47,506 INFO o.a.j.e.StandardJMeterEngine: Thread will continue on error
2021-12-07 00:00:47,506 INFO o.a.j.t.ThreadGroup: Starting thread group... number=1 threads=1 ramp-up=1 delayedStart=false
2021-12-07 00:00:47,507 INFO o.a.j.t.ThreadGroup: Started thread group number 1
2021-12-07 00:00:47,507 INFO o.a.j.e.StandardJMeterEngine: All thread groups have been started
2021-12-07 00:00:47,507 INFO o.a.j.t.JMeterThread: Thread started: Thread Group 1-1
2021-12-07 00:00:47,509 INFO o.a.j.t.JMeterThread: Thread is done: Thread Group 1-1
2021-12-07 00:00:47,509 INFO o.a.j.t.JMeterThread: Thread finished: Thread Group 1-1
2021-12-07 00:00:47,509 INFO o.a.j.e.StandardJMeterEngine: Notifying test listeners of end of test
2021-12-07 00:00:47,509 INFO o.a.j.g.u.JMeterMenuBar: setRunning(false, *local*)
